This is pdfTeX, Version 3.141592-1.40.4 (MiKTeX 2.6) (preloaded format=pdflatex 2007.10.15)  15 OCT 2007 17:50
entering extended mode
**gemcutter-techpaper
(gemcutter-techpaper.tex
LaTeX2e <2005/12/01>
Babel <v3.8g> and hyphenation patterns for english, dumylang, nohyphenation, ge
rman, ngerman, french, loaded.
(sigplanconf.cls
Document Class: sigplanconf 2006/08/24 v1.4 ACM SIGPLAN Proceedings
\@numheaddepth=\count79
("C:\Program Files\MiKTeX 2.6\tex\latex\base\article.cls"
Document Class: article 2005/09/16 v1.4f Standard LaTeX document class
("C:\Program Files\MiKTeX 2.6\tex\latex\base\size10.clo"
File: size10.clo 2005/09/16 v1.4f Standard LaTeX file (size option)
)
\c@part=\count80
\c@section=\count81
\c@subsection=\count82
\c@subsubsection=\count83
\c@paragraph=\count84
\c@subparagraph=\count85
\c@figure=\count86
\c@table=\count87
\abovecaptionskip=\skip41
\belowcaptionskip=\skip42
\bibindent=\dimen102
)
\standardtextwidth=\dimen103
\standardvspace=\skip43
\@sectionaboveskip=\skip44
\@sectionbelowskip=\skip45
\@subsectionaboveskip=\skip46
\@subsectionbelowskip=\skip47
\@paragraphaboveskip=\skip48
\@authorcount=\count88
\@titlenotecount=\count89
\@titlenotetext=\toks14
\@fnmark=\toks15
\@authori=\count90
\@measbox=\box26
)
("C:\Program Files\MiKTeX 2.6\tex\latex\amsmath\amsmath.sty"
Package: amsmath 2000/07/18 v2.13 AMS math features
\@mathmargin=\skip49

For additional information on amsmath, use the `?' option.
("C:\Program Files\MiKTeX 2.6\tex\latex\amsmath\amstext.sty"
Package: amstext 2000/06/29 v2.01

("C:\Program Files\MiKTeX 2.6\tex\latex\amsmath\amsgen.sty"
File: amsgen.sty 1999/11/30 v2.0
\@emptytoks=\toks16
\ex@=\dimen104
))
("C:\Program Files\MiKTeX 2.6\tex\latex\amsmath\amsbsy.sty"
Package: amsbsy 1999/11/29 v1.2d
\pmbraise@=\dimen105
)
("C:\Program Files\MiKTeX 2.6\tex\latex\amsmath\amsopn.sty"
Package: amsopn 1999/12/14 v2.01 operator names
)
\inf@bad=\count91
LaTeX Info: Redefining \frac on input line 211.
\uproot@=\count92
\leftroot@=\count93
LaTeX Info: Redefining \overline on input line 307.
\classnum@=\count94
\DOTSCASE@=\count95
LaTeX Info: Redefining \ldots on input line 379.
LaTeX Info: Redefining \dots on input line 382.
LaTeX Info: Redefining \cdots on input line 467.
\Mathstrutbox@=\box27
\strutbox@=\box28
\big@size=\dimen106
LaTeX Font Info:    Redeclaring font encoding OML on input line 567.
LaTeX Font Info:    Redeclaring font encoding OMS on input line 568.
\macc@depth=\count96
\c@MaxMatrixCols=\count97
\dotsspace@=\muskip10
\c@parentequation=\count98
\dspbrk@lvl=\count99
\tag@help=\toks17
\row@=\count100
\column@=\count101
\maxfields@=\count102
\andhelp@=\toks18
\eqnshift@=\dimen107
\alignsep@=\dimen108
\tagshift@=\dimen109
\tagwidth@=\dimen110
\totwidth@=\dimen111
\lineht@=\dimen112
\@envbody=\toks19
\multlinegap=\skip50
\multlinetaggap=\skip51
\mathdisplay@stack=\toks20
LaTeX Info: Redefining \[ on input line 2666.
LaTeX Info: Redefining \] on input line 2667.
)
("C:\Program Files\MiKTeX 2.6\tex\latex\graphics\graphicx.sty"
Package: graphicx 1999/02/16 v1.0f Enhanced LaTeX Graphics (DPC,SPQR)

("C:\Program Files\MiKTeX 2.6\tex\latex\graphics\keyval.sty"
Package: keyval 1999/03/16 v1.13 key=value parser (DPC)
\KV@toks@=\toks21
)
("C:\Program Files\MiKTeX 2.6\tex\latex\graphics\graphics.sty"
Package: graphics 2006/02/20 v1.0o Standard LaTeX Graphics (DPC,SPQR)

("C:\Program Files\MiKTeX 2.6\tex\latex\graphics\trig.sty"
Package: trig 1999/03/16 v1.09 sin cos tan (DPC)
)
("C:\Program Files\MiKTeX 2.6\tex\latex\00miktex\graphics.cfg"
File: graphics.cfg 2007/01/18 v1.5 graphics configuration of teTeX/TeXLive
)
Package graphics Info: Driver file: pdftex.def on input line 90.

("C:\Program Files\MiKTeX 2.6\tex\latex\graphics\pdftex.def"
File: pdftex.def 2007/06/12 v0.04h Graphics/color for pdfTeX
\Gread@gobject=\count103
))
\Gin@req@height=\dimen113
\Gin@req@width=\dimen114
)
("C:\Program Files\MiKTeX 2.6\tex\latex\natbib\natbib.sty"
Package: natbib 2007/02/05 8.0 (PWD)
\bibhang=\skip52
\bibsep=\skip53
LaTeX Info: Redefining \cite on input line 602.
\c@NAT@ctr=\count104
)
(gemcutter-techpaper.aux)
LaTeX Font Info:    Checking defaults for OML/cmm/m/it on input line 12.
LaTeX Font Info:    ... okay on input line 12.
LaTeX Font Info:    Checking defaults for T1/cmr/m/n on input line 12.
LaTeX Font Info:    ... okay on input line 12.
LaTeX Font Info:    Checking defaults for OT1/cmr/m/n on input line 12.
LaTeX Font Info:    ... okay on input line 12.
LaTeX Font Info:    Checking defaults for OMS/cmsy/m/n on input line 12.
LaTeX Font Info:    ... okay on input line 12.
LaTeX Font Info:    Checking defaults for OMX/cmex/m/n on input line 12.
LaTeX Font Info:    ... okay on input line 12.
LaTeX Font Info:    Checking defaults for U/cmr/m/n on input line 12.
LaTeX Font Info:    ... okay on input line 12.
LaTeX Font Info:    Try loading font information for OT1+ptm on input line 12.

("C:\Program Files\MiKTeX 2.6\tex\latex\psnfss\ot1ptm.fd"
File: ot1ptm.fd 2001/06/04 font definitions for OT1/ptm.
)
("C:\Program Files\MiKTeX 2.6\tex\context\base\supp-pdf.tex"
[Loading MPS to PDF converter (version 2006.09.02).]
\scratchcounter=\count105
\scratchdimen=\dimen115
\scratchbox=\box29
\nofMPsegments=\count106
\nofMParguments=\count107
\MPscratchCnt=\count108
\MPscratchDim=\dimen116
\MPnumerator=\count109
\everyMPtoPDFconversion=\toks22
)
LaTeX Font Info:    Font shape `OT1/ptm/bx/n' in size <18> not available
(Font)              Font shape `OT1/ptm/b/n' tried instead on input line 27.
LaTeX Font Info:    Font shape `OT1/ptm/bx/n' in size <14> not available
(Font)              Font shape `OT1/ptm/b/n' tried instead on input line 27.
LaTeX Font Info:    Try loading font information for OMS+cmss on input line 27.

LaTeX Font Info:    No file OMScmss.fd. on input line 27.


LaTeX Font Warning: Font shape `OMS/cmss/m/n' undefined
(Font)              using `OMS/cmsy/m/n' instead
(Font)              for symbol `textbraceleft' on input line 27.

LaTeX Font Info:    Try loading font information for OMS+ptm on input line 27.
("C:\Program Files\MiKTeX 2.6\tex\latex\psnfss\omsptm.fd"
File: omsptm.fd 
)
LaTeX Font Info:    Font shape `OMS/ptm/m/n' in size <7> not available
(Font)              Font shape `OMS/cmsy/m/n' tried instead on input line 27.
LaTeX Font Info:    Font shape `OT1/ptm/bx/n' in size <11> not available
(Font)              Font shape `OT1/ptm/b/n' tried instead on input line 29.
LaTeX Font Info:    Font shape `OT1/ptm/bx/n' in size <9> not available
(Font)              Font shape `OT1/ptm/b/n' tried instead on input line 54.
LaTeX Font Info:    Font shape `OT1/ptm/bx/it' in size <9> not available
(Font)              Font shape `OT1/ptm/b/it' tried instead on input line 54.

Underfull \vbox (badness 10000) has occurred while \output is active []

 [1{psfonts.map}


] <zipWithFigure.png, id=13, 468.75125pt x 167.62625pt>
File: zipWithFigure.png Graphic file (type png)

<use zipWithFigure.png> [2 <zipWithFigure.png (PNG copy)>]
<filterStringToList.png, id=17, 421.575pt x 124.465pt>
File: filterStringToList.png Graphic file (type png)

<use filterStringToList.png>
Underfull \hbox (badness 10000) in paragraph at lines 290--290
\OT1/ptm/b/n/9 Figure 2. \OT1/ptm/m/n/9 Con-nect-ing the \OT1/cmtt/m/n/9 String
.toList \OT1/ptm/m/n/9 gem to the
 []

<zipWithBurnt.png, id=18, 381.425pt x 105.39375pt>
File: zipWithBurnt.png Graphic file (type png)
 <use zipWithBurnt.png>
<burntConnection.png, id=19, 381.425pt x 98.3675pt>
File: burntConnection.png Graphic file (type png)
 <use burntConnection.png>
[3 <filterStringToList.png (PNG copy)> <zipWithBurnt.png (PNG copy)> <burntConn
ection.png (PNG copy)>]
<globalTypeConstraints.png, id=23, 381.425pt x 193.72375pt>
File: globalTypeConstraints.png Graphic file (type png)

<use globalTypeConstraints.png>
Underfull \hbox (badness 1360) in paragraph at lines 423--423
\OT1/ptm/b/n/9 Figure 5. \OT1/ptm/m/n/9 The \OT1/cmtt/m/n/9 Nil \OT1/ptm/m/n/9 
data con-struc-tor can-not be con-nected to
 []

<sumSquares.png, id=24, 468.75125pt x 98.3675pt>
File: sumSquares.png Graphic file (type png)
 <use sumSquares.png>
<square.png, id=25, 381.425pt x 138.5175pt>
File: square.png Graphic file (type png)
 <use square.png> [4 <globalTypeConstraints.png (PNG copy)> <sumSquares.png (PN
G copy)> <square.png (PNG copy)>]
<sumSquaresWithLocalSquare.png, id=29, 468.75125pt x 239.89626pt>
File: sumSquaresWithLocalSquare.png Graphic file (type png)

<use sumSquaresWithLocalSquare.png>
<sevens.png, id=30, 381.425pt x 85.31876pt>
File: sevens.png Graphic file (type png)
 <use sevens.png>
<demoMapDesign.png, id=31, 557.08125pt x 326.21875pt>
File: demoMapDesign.png Graphic file (type png)
 <use demoMapDesign.png>
[5 <sumSquaresWithLocalSquare.png (PNG copy)> <sevens.png (PNG copy)> <demoMapD
esign.png (PNG copy)>]
<repeatN_collectorTargeting.png, id=35, 468.75125pt x 253.94875pt>
File: repeatN_collectorTargeting.png Graphic file (type png)

<use repeatN_collectorTargeting.png>
<quadraticFormulaCodeGem.png, id=36, 421.575pt x 316.18124pt>
File: quadraticFormulaCodeGem.png Graphic file (type png)

<use quadraticFormulaCodeGem.png> [6 <repeatN_collectorTargeting.png (PNG copy)
> <quadraticFormulaCodeGem.png (PNG copy)>]
<valueEntry-a.png, id=43, 557.08125pt x 70.2625pt>
File: valueEntry-a.png Graphic file (type png)
 <use valueEntry-a.png>
<valueEntry-b.png, id=44, 557.08125pt x 344.28625pt>
File: valueEntry-b.png Graphic file (type png)
 <use valueEntry-b.png>
<typeSelection.png, id=45, 381.425pt x 306.14375pt>
File: typeSelection.png Graphic file (type png)
 <use typeSelection.png>
<constrainedTypeSelection.png, id=46, 381.425pt x 274.02374pt>
File: constrainedTypeSelection.png Graphic file (type png)

<use constrainedTypeSelection.png> [7 <valueEntry-a.png (PNG copy)> <valueEntry
-b.png (PNG copy)> <typeSelection.png (PNG copy)> <constrainedTypeSelection.png
 (PNG copy)>]
LaTeX Font Info:    Try loading font information for OMS+cmtt on input line 908
.
LaTeX Font Info:    No file OMScmtt.fd. on input line 908.


LaTeX Font Warning: Font shape `OMS/cmtt/m/n' undefined
(Font)              using `OMS/cmsy/m/n' instead
(Font)              for symbol `textbraceleft' on input line 908.

<recordFieldSelection.png, id=51, 381.425pt x 53.19875pt>
File: recordFieldSelection.png Graphic file (type png)

<use recordFieldSelection.png>
<runningGems-a.png, id=52, 381.425pt x 113.42375pt>
File: runningGems-a.png Graphic file (type png)
 <use runningGems-a.png>
<runningGems-b.png, id=53, 381.425pt x 136.51pt>
File: runningGems-b.png Graphic file (type png)
 <use runningGems-b.png>
<factorialTesting.png, id=54, 468.75125pt x 322.20375pt>
File: factorialTesting.png Graphic file (type png)

<use factorialTesting.png> [8 <recordFieldSelection.png (PNG copy)> <runningGem
s-a.png (PNG copy)> <runningGems-b.png (PNG copy)> <factorialTesting.png (PNG c
opy)>] <intellicut.png, id=58, 421.575pt x 174.6525pt>
File: intellicut.png Graphic file (type png)
 <use intellicut.png>
<scope.png, id=59, 381.425pt x 319.1925pt>
File: scope.png Graphic file (type png)
 <use scope.png>
<filterPositiveOutliers.png, id=60, 1037.8775pt x 716.6775pt>
File: filterPositiveOutliers.png Graphic file (type png)

<use filterPositiveOutliers.png> [9 <intellicut.png (PNG copy)> <scope.png (PNG
 copy)>]
Overfull \hbox (0.9722pt too wide) in paragraph at lines 1150--1150
[]            \OT1/cmtt/m/n/9 List.map projectionFunction sourceData;[] 
 []

<runFilterOutliers.png, id=64, 583.17876pt x 361.35pt>
File: runFilterOutliers.png Graphic file (type png)

<use runFilterOutliers.png>
Underfull \hbox (badness 2205) in paragraph at lines 1181--1193
\OT1/ptm/m/n/9 has type \OT1/cmtt/m/n/9 [\OMS/cmtt/m/n/9 f\OT1/cmtt/m/n/9 emplo
yee[]ID :: Int, first[]Name :: String,
 []


Underfull \vbox (badness 10000) has occurred while \output is active []

 [10 <filterPositiveOutliers.png (PNG copy)>]
Underfull \vbox (badness 2698) has occurred while \output is active []

 [11 <runFilterOutliers.png (PNG copy)>] (gemcutter-techpaper.bbl
Underfull \hbox (badness 10000) in paragraph at lines 19--26
[]\OT1/ptm/m/n/9 Business Ob-jects.  The Open Quark Frame-work for
 []


Underfull \hbox (badness 2970) in paragraph at lines 19--26
\OT1/ptm/m/n/9 Java and the CAL Lan-guage.  Web-site, 2006.  URL
 []


Underfull \hbox (badness 3281) in paragraph at lines 19--26
\OT1/cmtt/m/n/9 http://labs.businessobjects.com/cal/\OT1/ptm/m/n/9 .  The in-tr
o-
 []


Underfull \hbox (badness 2384) in paragraph at lines 47--51
\OT1/ptm/m/n/9 PhD the-sis, Mur-doch U., Perth, Aus-tralia, 2002.  URL
 []


Underfull \hbox (badness 10000) in paragraph at lines 53--57
[]\OT1/ptm/m/n/9 Simon Pey-ton Jones, ed-i-tor.  \OT1/ptm/m/it/9 Haskell 98 Lan
-
 []


Underfull \hbox (badness 10000) in paragraph at lines 53--57
\OT1/ptm/m/it/9 guage and Li-braries: the Re-vised Re-port\OT1/ptm/m/n/9 .  Cam
-
 []


Underfull \hbox (badness 10000) in paragraph at lines 53--57
\OT1/ptm/m/n/9 bridge U. Press, Cam-bridge, U.K., 2003.  URL
 []


Overfull \hbox (8.49727pt too wide) in paragraph at lines 53--57
\OT1/cmtt/m/n/9 http://haskell.org/definition/haskell98-report.pdf\OT1/ptm/m/n/
9 . 
 []


Underfull \hbox (badness 1092) in paragraph at lines 65--71
[]\OT1/ptm/m/n/9 Hideki John Reekie.  \OT1/ptm/m/it/9 Re-al-time Sig-nal Pro-ce
ss-ing: Dataflow,
 []


Overfull \hbox (27.39705pt too wide) in paragraph at lines 65--71
\OT1/cmtt/m/n/9 http://www.eecs.berkeley.edu/~johnr/papers/thesis.html\OT1/ptm/
m/n/9 . 
 []

) [12] (gemcutter-techpaper.aux)

LaTeX Font Warning: Some font shapes were not available, defaults substituted.

 ) 
Here is how much of TeX's memory you used:
 2256 strings out of 95295
 26907 string characters out of 1184858
 82559 words of memory out of 1080115
 5330 multiletter control sequences out of 60000
 24728 words of font info for 52 fonts, out of 1000000 for 2000
 14 hyphenation exceptions out of 8191
 29i,9n,23p,232b,277s stack positions out of 5000i,500n,10000p,200000b,32768s
{8r.enc}<C:/Program Files/MiKTeX 2.6/fonts/type1/bluesky/cm/cmmi6.pfb><C:/Pro
gram Files/MiKTeX 2.6/fonts/type1/bluesky/cm/cmmi9.pfb><C:/Program Files/MiKTeX
 2.6/fonts/type1/bluesky/cm/cmr6.pfb><C:/Program Files/MiKTeX 2.6/fonts/type1/b
luesky/cm/cmr9.pfb><C:/Program Files/MiKTeX 2.6/fonts/type1/bluesky/cm/cmss9.pf
b><C:/Program Files/MiKTeX 2.6/fonts/type1/bluesky/cm/cmsy7.pfb><C:/Program Fil
es/MiKTeX 2.6/fonts/type1/bluesky/cm/cmsy9.pfb><C:/Program Files/MiKTeX 2.6/fon
ts/type1/bluesky/cm/cmtt9.pfb><C:/Program Files/MiKTeX 2.6/fonts/type1/urw/time
s/utmb8a.pfb><C:/Program Files/MiKTeX 2.6/fonts/type1/urw/times/utmbi8a.pfb><C:
/Program Files/MiKTeX 2.6/fonts/type1/urw/times/utmr8a.pfb><C:/Program Files/Mi
KTeX 2.6/fonts/type1/urw/times/utmri8a.pfb>
Output written on gemcutter-techpaper.pdf (12 pages, 485833 bytes).
PDF statistics:
 114 PDF objects out of 300000 (max. 8388607)
 0 named destinations out of 300000 (max. 131072)
 121 words of extra memory for PDF output out of 65536 (max. 10000000)

